<?xml version="1.0" encoding="UTF-8"?>
<testng-results skipped="0" failed="1" ignored="0" total="10" passed="9">
  <reporter-output>
  </reporter-output>
  <suite name="Default suite" duration-ms="213164" started-at="2017-08-11T16:50:39Z" finished-at="2017-08-11T16:54:12Z">
    <groups>
    </groups>
    <test name="Default test" duration-ms="213164" started-at="2017-08-11T16:50:39Z" finished-at="2017-08-11T16:54:12Z">
      <class name="com.cgi.code.testng.CallActionKeywords">
        <test-method status="PASS" signature="BeforeClass()[pri:0, instance:com.cgi.code.testng.CallActionKeywords@6737fd8f]" name="BeforeClass" is-config="true" duration-ms="1271" started-at="2017-08-11T13:50:39Z" finished-at="2017-08-11T13:50:41Z">
          <reporter-output>
          </reporter-output>
        </test-method> <!-- BeforeClass -->
        <test-method status="PASS" signature="DoTest(java.lang.String, java.lang.String, java.lang.String, java.lang.String)[pri:0, instance:com.cgi.code.testng.CallActionKeywords@6737fd8f]" name="DoTest" duration-ms="16677" started-at="2017-08-11T13:50:57Z" data-provider="name" finished-at="2017-08-11T13:51:14Z">
          <params>
            <param index="0">
              <value>
                <![CDATA[Regression]]>
              </value>
            </param>
            <param index="1">
              <value>
                <![CDATA[Validate Mortgage Fixed Rate]]>
              </value>
            </param>
            <param index="2">
              <value>
                <![CDATA[1.0]]>
              </value>
            </param>
            <param index="3">
              <value>
                <![CDATA[This is a positive test to ensure that a variable rate mortgage is successful]]>
              </value>
            </param>
          </params>
          <reporter-output>
          </reporter-output>
        </test-method> <!-- DoTest -->
        <test-method status="PASS" signature="DoTest(java.lang.String, java.lang.String, java.lang.String, java.lang.String)[pri:0, instance:com.cgi.code.testng.CallActionKeywords@6737fd8f]" name="DoTest" duration-ms="9007" started-at="2017-08-11T13:51:14Z" data-provider="name" finished-at="2017-08-11T13:51:23Z">
          <params>
            <param index="0">
              <value>
                <![CDATA[Regression]]>
              </value>
            </param>
            <param index="1">
              <value>
                <![CDATA[TD Negative Value Test]]>
              </value>
            </param>
            <param index="2">
              <value>
                <![CDATA[2.0]]>
              </value>
            </param>
            <param index="3">
              <value>
                <![CDATA[This is a negative test to record what happens if a negative mortgage rate is input]]>
              </value>
            </param>
          </params>
          <reporter-output>
          </reporter-output>
        </test-method> <!-- DoTest -->
        <test-method status="PASS" signature="DoTest(java.lang.String, java.lang.String, java.lang.String, java.lang.String)[pri:0, instance:com.cgi.code.testng.CallActionKeywords@6737fd8f]" name="DoTest" duration-ms="8623" started-at="2017-08-11T13:51:23Z" data-provider="name" finished-at="2017-08-11T13:51:31Z">
          <params>
            <param index="0">
              <value>
                <![CDATA[Regression]]>
              </value>
            </param>
            <param index="1">
              <value>
                <![CDATA[TD Too high of value]]>
              </value>
            </param>
            <param index="2">
              <value>
                <![CDATA[3.0]]>
              </value>
            </param>
            <param index="3">
              <value>
                <![CDATA[This is a negative test to record what happens if the upper bound of the mortgage amount is passed]]>
              </value>
            </param>
          </params>
          <reporter-output>
          </reporter-output>
        </test-method> <!-- DoTest -->
        <test-method status="PASS" signature="DoTest(java.lang.String, java.lang.String, java.lang.String, java.lang.String)[pri:0, instance:com.cgi.code.testng.CallActionKeywords@6737fd8f]" name="DoTest" duration-ms="15057" started-at="2017-08-11T13:51:31Z" data-provider="name" finished-at="2017-08-11T13:51:46Z">
          <params>
            <param index="0">
              <value>
                <![CDATA[Regression]]>
              </value>
            </param>
            <param index="1">
              <value>
                <![CDATA[Amortization 1 year]]>
              </value>
            </param>
            <param index="2">
              <value>
                <![CDATA[4.0]]>
              </value>
            </param>
            <param index="3">
              <value>
                <![CDATA[This is a positive test to ensure that the lower bound of amortization is correct.]]>
              </value>
            </param>
          </params>
          <reporter-output>
          </reporter-output>
        </test-method> <!-- DoTest -->
        <test-method status="PASS" signature="DoTest(java.lang.String, java.lang.String, java.lang.String, java.lang.String)[pri:0, instance:com.cgi.code.testng.CallActionKeywords@6737fd8f]" name="DoTest" duration-ms="13932" started-at="2017-08-11T13:51:46Z" data-provider="name" finished-at="2017-08-11T13:52:00Z">
          <params>
            <param index="0">
              <value>
                <![CDATA[Regression]]>
              </value>
            </param>
            <param index="1">
              <value>
                <![CDATA[Amortization 25 year]]>
              </value>
            </param>
            <param index="2">
              <value>
                <![CDATA[5.0]]>
              </value>
            </param>
            <param index="3">
              <value>
                <![CDATA[This is a positive test to ensure that the upper bound of amortization is correct.]]>
              </value>
            </param>
          </params>
          <reporter-output>
          </reporter-output>
        </test-method> <!-- DoTest -->
        <test-method status="PASS" signature="DoTest(java.lang.String, java.lang.String, java.lang.String, java.lang.String)[pri:0, instance:com.cgi.code.testng.CallActionKeywords@6737fd8f]" name="DoTest" duration-ms="13688" started-at="2017-08-11T13:52:00Z" data-provider="name" finished-at="2017-08-11T13:52:14Z">
          <params>
            <param index="0">
              <value>
                <![CDATA[Regression]]>
              </value>
            </param>
            <param index="1">
              <value>
                <![CDATA[Variable Mortgage]]>
              </value>
            </param>
            <param index="2">
              <value>
                <![CDATA[6.0]]>
              </value>
            </param>
            <param index="3">
              <value>
                <![CDATA[This is a positive test to ensure that the variable rate for mortages work.]]>
              </value>
            </param>
          </params>
          <reporter-output>
          </reporter-output>
        </test-method> <!-- DoTest -->
        <test-method status="PASS" signature="DoTest(java.lang.String, java.lang.String, java.lang.String, java.lang.String)[pri:0, instance:com.cgi.code.testng.CallActionKeywords@6737fd8f]" name="DoTest" duration-ms="30166" started-at="2017-08-11T13:52:14Z" data-provider="name" finished-at="2017-08-11T13:52:44Z">
          <params>
            <param index="0">
              <value>
                <![CDATA[Regression]]>
              </value>
            </param>
            <param index="1">
              <value>
                <![CDATA[Validate Amazon - Selenium Book]]>
              </value>
            </param>
            <param index="2">
              <value>
                <![CDATA[7.0]]>
              </value>
            </param>
            <param index="3">
              <value>
                <![CDATA[This is a positive functional case to ensure that basic search functionality works in Amazon]]>
              </value>
            </param>
          </params>
          <reporter-output>
          </reporter-output>
        </test-method> <!-- DoTest -->
        <test-method status="PASS" signature="DoTest(java.lang.String, java.lang.String, java.lang.String, java.lang.String)[pri:0, instance:com.cgi.code.testng.CallActionKeywords@6737fd8f]" name="DoTest" duration-ms="43411" started-at="2017-08-11T13:52:44Z" data-provider="name" finished-at="2017-08-11T13:53:28Z">
          <params>
            <param index="0">
              <value>
                <![CDATA[Regression]]>
              </value>
            </param>
            <param index="1">
              <value>
                <![CDATA[Validate Amazon - Shopping Cart]]>
              </value>
            </param>
            <param index="2">
              <value>
                <![CDATA[8.0]]>
              </value>
            </param>
            <param index="3">
              <value>
                <![CDATA[This is a positive functional case to ensure that the shopping cart feature works]]>
              </value>
            </param>
          </params>
          <reporter-output>
          </reporter-output>
        </test-method> <!-- DoTest -->
        <test-method status="PASS" signature="DoTest(java.lang.String, java.lang.String, java.lang.String, java.lang.String)[pri:0, instance:com.cgi.code.testng.CallActionKeywords@6737fd8f]" name="DoTest" duration-ms="28893" started-at="2017-08-11T13:53:28Z" data-provider="name" finished-at="2017-08-11T13:53:57Z">
          <params>
            <param index="0">
              <value>
                <![CDATA[Regression]]>
              </value>
            </param>
            <param index="1">
              <value>
                <![CDATA[Valiadate Amazon - Empty Cart]]>
              </value>
            </param>
            <param index="2">
              <value>
                <![CDATA[9.0]]>
              </value>
            </param>
            <param index="3">
              <value>
                <![CDATA[This is a positive function case to ensure that a shopping cart can be emptied]]>
              </value>
            </param>
          </params>
          <reporter-output>
          </reporter-output>
        </test-method> <!-- DoTest -->
        <test-method status="FAIL" signature="DoTest(java.lang.String, java.lang.String, java.lang.String, java.lang.String)[pri:0, instance:com.cgi.code.testng.CallActionKeywords@6737fd8f]" name="DoTest" duration-ms="15552" started-at="2017-08-11T13:53:57Z" data-provider="name" finished-at="2017-08-11T13:54:12Z">
          <params>
            <param index="0">
              <value>
                <![CDATA[Regression]]>
              </value>
            </param>
            <param index="1">
              <value>
                <![CDATA[TD Bug on Mortgage Page]]>
              </value>
            </param>
            <param index="2">
              <value>
                <![CDATA[10.0]]>
              </value>
            </param>
            <param index="3">
              <value>
                <![CDATA[This is a positive test cases to check if a mortgage can be paid off sooner.]]>
              </value>
            </param>
          </params>
          <exception class="java.lang.AssertionError">
            <message>
              <![CDATA[expected not same]]>
            </message>
            <full-stacktrace>
              <![CDATA[java.lang.AssertionError: expected not same
	at org.testng.AssertJUnit.fail(AssertJUnit.java:59)
	at org.testng.AssertJUnit.failSame(AssertJUnit.java:352)
	at org.testng.AssertJUnit.assertNotSame(AssertJUnit.java:310)
	at org.testng.AssertJUnit.assertNotSame(AssertJUnit.java:319)
	at com.cgi.code.testng.CallActionKeywords.DoStep(CallActionKeywords.java:350)
	at com.cgi.code.testng.CallActionKeywords.DoTest(CallActionKeywords.java:150)
	at sun.reflect.NativeMethodAccessorImpl.invoke0(Native Method)
	at sun.reflect.NativeMethodAccessorImpl.invoke(NativeMethodAccessorImpl.java:62)
	at sun.reflect.DelegatingMethodAccessorImpl.invoke(DelegatingMethodAccessorImpl.java:43)
	at java.lang.reflect.Method.invoke(Method.java:498)
	at org.testng.internal.MethodInvocationHelper.invokeMethod(MethodInvocationHelper.java:108)
	at org.testng.internal.Invoker.invokeMethod(Invoker.java:661)
	at org.testng.internal.Invoker.invokeTestMethod(Invoker.java:869)
	at org.testng.internal.Invoker.invokeTestMethods(Invoker.java:1193)
	at org.testng.internal.TestMethodWorker.invokeTestMethods(TestMethodWorker.java:126)
	at org.testng.internal.TestMethodWorker.run(TestMethodWorker.java:109)
	at org.testng.TestRunner.privateRun(TestRunner.java:744)
	at org.testng.TestRunner.run(TestRunner.java:602)
	at org.testng.SuiteRunner.runTest(SuiteRunner.java:380)
	at org.testng.SuiteRunner.runSequentially(SuiteRunner.java:375)
	at org.testng.SuiteRunner.privateRun(SuiteRunner.java:340)
	at org.testng.SuiteRunner.run(SuiteRunner.java:289)
	at org.testng.SuiteRunnerWorker.runSuite(SuiteRunnerWorker.java:52)
	at org.testng.SuiteRunnerWorker.run(SuiteRunnerWorker.java:86)
	at org.testng.TestNG.runSuitesSequentially(TestNG.java:1301)
	at org.testng.TestNG.runSuitesLocally(TestNG.java:1226)
	at org.testng.TestNG.runSuites(TestNG.java:1144)
	at org.testng.TestNG.run(TestNG.java:1115)
	at org.testng.remote.AbstractRemoteTestNG.run(AbstractRemoteTestNG.java:132)
	at org.testng.remote.RemoteTestNG.initAndRun(RemoteTestNG.java:230)
	at org.testng.remote.RemoteTestNG.main(RemoteTestNG.java:76)
]]>
            </full-stacktrace>
          </exception> <!-- java.lang.AssertionError -->
          <reporter-output>
          </reporter-output>
        </test-method> <!-- DoTest -->
        <test-method status="PASS" signature="TearDown()[pri:0, instance:com.cgi.code.testng.CallActionKeywords@6737fd8f]" name="TearDown" is-config="true" duration-ms="302" started-at="2017-08-11T13:54:12Z" finished-at="2017-08-11T13:54:12Z">
          <reporter-output>
          </reporter-output>
        </test-method> <!-- TearDown -->
      </class> <!-- com.cgi.code.testng.CallActionKeywords -->
    </test> <!-- Default test -->
  </suite> <!-- Default suite -->
</testng-results>
